#
# A fatal error has been detected by the Java Runtime Environment:
#
#  Internal Error (os_windows_x86.cpp:114), pid=4104, tid=5772
#  Error: guarantee(result == -1,"Unexpected result from topLevelExceptionFilter")
#
# JRE version: 6.0_17-b04
# Java VM: Java HotSpot(TM) 64-Bit Server VM (14.3-b01 mixed mode windows-amd64 )
# If you would like to submit a bug report, please visit:
#   http://java.sun.com/webapps/bugreport/crash.jsp
# The crash happened outside the Java Virtual Machine in native code.
# See problematic frame for where to report the bug.
#

---------------  T H R E A D  ---------------

Current thread (0x00000000021bf800):  JavaThread "main" [_thread_in_native, id=5772, stack(0x00000000001d0000,0x00000000016d0000)]

Stack: [0x00000000001d0000,0x00000000016d0000]
[error occurred during error reporting (printing stack bounds), id 0xc0000005]

Java frames: (J=compiled Java code, j=interpreted, Vv=VM code)
j  com.mathworks.jmi.NativeMatlab.PostMatlabMessage(Ljava/lang/Object;J)V+0
j  com.mathworks.jmi.NativeMatlab.postMatlabMessage(Ljava/lang/Object;J)V+3
j  com.mathworks.jmi.NativeMatlab.postMatlabMessage(Ljava/lang/Object;)V+6
j  com.mathworks.jmi.MatlabLooper.postMatlabMessage(Lcom/mathworks/services/message/MWMessage;Lcom/mathworks/services/message/MWHandler;)V+30
j  com.mathworks.jmi.MatlabMCR.postAsync(Lcom/mathworks/services/message/MWMessage;Lcom/mathworks/jmi/CompletionObserver;Lcom/mathworks/jmi/MatlabListener;)V+34
j  com.mathworks.jmi.MatlabMCR.stderrString(Ljava/lang/String;)V+42
j  com.mathworks.jmi.MatlabErrStream.flush()V+42
j  java.io.PrintStream.write([BII)V+30
j  sun.nio.cs.StreamEncoder.writeBytes()V+120
j  sun.nio.cs.StreamEncoder.implFlushBuffer()V+11
j  sun.nio.cs.StreamEncoder.flushBuffer()V+15
j  java.io.OutputStreamWriter.flushBuffer()V+4
j  java.io.PrintStream.write(Ljava/lang/String;)V+27
j  java.io.PrintStream.print(Ljava/lang/String;)V+9
j  java.io.PrintStream.println(Ljava/lang/Object;)V+11
j  java.lang.Throwable.printStackTrace(Ljava/io/PrintStream;)V+6
j  java.lang.Throwable.printStackTrace()V+4
v  ~StubRoutines::call_stub

---------------  P R O C E S S  ---------------

Java Threads: ( => current thread )
  0x00000000049cb000 JavaThread "AWT-EventQueue-0" [_thread_blocked, id=6028, stack(0x000000000c410000,0x000000000c490000)]
  0x00000000049c8000 JavaThread "AWT-EventQueue-0" [_thread_blocked, id=2308, stack(0x000000003c660000,0x000000003c6e0000)]
  0x00000000049c1000 JavaThread "AWT-EventQueue-0" [_thread_blocked, id=4164, stack(0x0000000035290000,0x0000000035310000)]
  0x00000000049c2800 JavaThread "AWT-EventQueue-0" [_thread_blocked, id=4892, stack(0x000000000f600000,0x000000000f680000)]
  0x00000000049ca800 JavaThread "Timer-38" [_thread_blocked, id=2316, stack(0x000000000dc20000,0x000000000dca0000)]
  0x00000000049c9800 JavaThread "pool-2-thread-1" [_thread_blocked, id=5620, stack(0x0000000033c30000,0x0000000033cb0000)]
  0x00000000468e4800 JavaThread "Code Analyzer updating thread" [_thread_blocked, id=3232, stack(0x000000000f580000,0x000000000f600000)]
  0x00000000468e8000 JavaThread "Active Reference Queue Daemon" daemon [_thread_blocked, id=2292, stack(0x000000000f400000,0x000000000f480000)]
  0x00000000468e6800 JavaThread "Timer-33" daemon [_thread_blocked, id=5512, stack(0x000000000f220000,0x000000000f2a0000)]
  0x00000000049c9000 JavaThread "Timer-5" daemon [_thread_blocked, id=4320, stack(0x000000002b0a0000,0x000000002b120000)]
  0x00000000049c6800 JavaThread "Prefs Updater" daemon [_thread_blocked, id=5892, stack(0x0000000037d50000,0x0000000037dd0000)]
  0x00000000049c4000 JavaThread "Timer-1" [_thread_blocked, id=5592, stack(0x00000000307e0000,0x0000000030860000)]
  0x00000000049c6000 JavaThread "FelixPackageAdmin" daemon [_thread_blocked, id=6100, stack(0x000000002b020000,0x000000002b0a0000)]
  0x00000000049c5800 JavaThread "FelixStartLevel" daemon [_thread_blocked, id=5384, stack(0x000000002c630000,0x000000002c6b0000)]
  0x00000000049c4800 JavaThread "FelixDispatchQueue" daemon [_thread_blocked, id=4288, stack(0x0000000029990000,0x0000000029a10000)]
  0x00000000049c3000 JavaThread "TimerQueue" daemon [_thread_blocked, id=5872, stack(0x000000000fe50000,0x000000000fed0000)]
  0x00000000049c1800 JavaThread "com.google.common.base.internal.Finalizer" daemon [_thread_blocked, id=3500, stack(0x000000000c370000,0x000000000c3f0000)]
  0x00000000049c0000 JavaThread "AWT-Windows" daemon [_thread_blocked, id=5832, stack(0x0000000008210000,0x0000000008290000)]
  0x00000000049bf800 JavaThread "AWT-Shutdown" [_thread_blocked, id=4200, stack(0x00000000080e0000,0x0000000008160000)]
  0x00000000049bf000 JavaThread "Java2D Disposer" daemon [_thread_blocked, id=2748, stack(0x0000000004de0000,0x0000000004e60000)]
  0x00000000049be000 JavaThread "Timer-0" [_thread_blocked, id=5672, stack(0x0000000004f70000,0x0000000004ff0000)]
  0x00000000049bd800 JavaThread "JMI Unnamed Thread" [_thread_in_native, id=856, stack(0x0000000006890000,0x0000000007d90000)]
  0x00000000049bc800 JavaThread "Low Memory Detector" daemon [_thread_blocked, id=2576, stack(0x0000000004eb0000,0x0000000004f30000)]
  0x00000000049cf000 JavaThread "CompilerThread1" daemon [_thread_blocked, id=5304, stack(0x0000000036850000,0x0000000037d50000)]
  0x00000000049b2000 JavaThread "CompilerThread0" daemon [_thread_blocked, id=3292, stack(0x0000000035340000,0x0000000036840000)]
  0x00000000049bc000 JavaThread "Attach Listener" daemon [_thread_blocked, id=5664, stack(0x0000000004a40000,0x0000000004ac0000)]
  0x00000000022ee000 JavaThread "Finalizer" daemon [_thread_blocked, id=6140, stack(0x0000000004d30000,0x0000000004db0000)]
  0x000000000499a000 JavaThread "Reference Handler" daemon [_thread_blocked, id=5944, stack(0x0000000004b30000,0x0000000004bb0000)]
=>0x00000000021bf800 JavaThread "main" [_thread_in_native, id=5772, stack(0x00000000001d0000,0x00000000016d0000)]

Other Threads:
  0x0000000004995000 VMThread [stack: 0x0000000033d10000,0x0000000035210000] [id=6104]
  0x00000000049ef800 WatcherThread [stack: 0x0000000037e00000,0x0000000039300000] [id=5700]

VM state:at safepoint (normal execution)

VM Mutex/Monitor currently owned by a thread:  ([mutex/lock_event])
[0x0000000002260be0] Threads_lock - owner thread: 0x0000000004995000
[0x00000000022610e0] Heap_lock - owner thread: 0x00000000049cb000

Heap
 PSYoungGen      total 33472K, used 16768K [0x0000000025250000, 0x0000000028350000, 0x0000000028350000)
  eden space 16768K, 100% used [0x0000000025250000,0x00000000262b0000,0x00000000262b0000)
  from space 16704K, 0% used [0x00000000262b0000,0x00000000262b0000,0x0000000027300000)
  to   space 16704K, 0% used [0x0000000027300000,0x0000000027300000,0x0000000028350000)
 PSOldGen        total 150528K, used 150527K [0x000000001bf50000, 0x0000000025250000, 0x0000000025250000)
  object space 150528K, 99% used [0x000000001bf50000,0x000000002524fff8,0x0000000025250000)
 PSPermGen       total 59904K, used 59631K [0x0000000013f50000, 0x00000000179d0000, 0x000000001bf50000)
  object space 59904K, 99% used [0x0000000013f50000,0x000000001798bfe8,0x00000000179d0000)

Dynamic libraries:
0x000000013f8c0000 - 0x000000013f8e9000 	C:\Program Files\MATLAB\R2011a\bin\win64\MATLAB.exe
0x00000000776b0000 - 0x000000007785a000 	C:\Windows\SYSTEM32\ntdll.dll
0x0000000077490000 - 0x00000000775af000 	C:\Windows\system32\kernel32.dll
0x000007fefd490000 - 0x000007fefd4fb000 	C:\Windows\system32\KERNELBASE.dll
0x0000000074460000 - 0x0000000074569000 	C:\Program Files\MATLAB\R2011a\bin\win64\libut.dll
0x00000000758a0000 - 0x0000000075920000 	C:\Program Files\MATLAB\R2011a\bin\win64\libmwi18n.dll
0x0000000180000000 - 0x000000018000b000 	C:\Program Files\MATLAB\R2011a\bin\win64\libmwresource_core.dll
0x0000000073c70000 - 0x0000000073d43000 	C:\Windows\WinSxS\amd64_microsoft.vc90.crt_1fc8b3b9a1e18e3b_9.0.30729.4940_none_08e4299fa83d7e3c\MSVCP90.dll
0x0000000073d50000 - 0x0000000073ded000 	C:\Windows\WinSxS\amd64_microsoft.vc90.crt_1fc8b3b9a1e18e3b_9.0.30729.4940_none_08e4299fa83d7e3c\MSVCR90.dll
0x000000007a3b0000 - 0x000000007a3c0000 	C:\Program Files\MATLAB\R2011a\bin\win64\boost_date_time-vc90-mt-1_40.dll
0x000000007a170000 - 0x000000007a189000 	C:\Program Files\MATLAB\R2011a\bin\win64\boost_filesystem-vc90-mt-1_40.dll
0x000000007a560000 - 0x000000007a569000 	C:\Program Files\MATLAB\R2011a\bin\win64\boost_system-vc90-mt-1_40.dll
0x000000007a2d0000 - 0x000000007a2e2000 	C:\Program Files\MATLAB\R2011a\bin\win64\boost_thread-vc90-mt-1_40.dll
0x000000007a010000 - 0x000000007a035000 	C:\Program Files\MATLAB\R2011a\bin\win64\LIBEXPAT.dll
0x00000000739d0000 - 0x0000000073b8c000 	C:\Program Files\MATLAB\R2011a\bin\win64\icuin42.dll
0x00000000740b0000 - 0x0000000074223000 	C:\Program Files\MATLAB\R2011a\bin\win64\icuuc42.dll
0x000007fefd840000 - 0x000007fefd91b000 	C:\Windows\system32\ADVAPI32.dll
0x000007fefdf10000 - 0x000007fefdfaf000 	C:\Windows\system32\msvcrt.dll
0x000007feff8f0000 - 0x000007feff90f000 	C:\Windows\SYSTEM32\sechost.dll
0x000007fefe660000 - 0x000007fefe78d000 	C:\Windows\system32\RPCRT4.dll
0x0000000010000000 - 0x0000000010f47000 	C:\Program Files\MATLAB\R2011a\bin\win64\icudt42.dll
0x0000000073f70000 - 0x000000007407d000 	C:\Program Files\MATLAB\R2011a\bin\win64\libmwfl.dll
0x00000000016d0000 - 0x0000000001763000 	C:\Program Files\MATLAB\R2011a\bin\win64\libmwMATLAB_res.dll
0x000000007a250000 - 0x000000007a263000 	C:\Program Files\MATLAB\R2011a\bin\win64\boost_signals-vc90-mt-1_40.dll
0x0000000001770000 - 0x00000000017b6000 	C:\Program Files\MATLAB\R2011a\bin\win64\tbb.dll
0x000007fefdef0000 - 0x000007fefdf09000 	C:\Windows\system32\imagehlp.dll
0x0000000077870000 - 0x0000000077877000 	C:\Windows\system32\PSAPI.DLL
0x000000007a3d0000 - 0x000000007a3e3000 	C:\Program Files\MATLAB\R2011a\bin\win64\icuio42.dll
0x000007feec000000 - 0x000007feec125000 	C:\Windows\system32\dbghelp.dll
0x00000000775b0000 - 0x00000000776aa000 	C:\Windows\system32\USER32.dll
0x000007fefe410000 - 0x000007fefe477000 	C:\Windows\system32\GDI32.dll
0x000007feff910000 - 0x000007feff91e000 	C:\Windows\system32\LPK.dll
0x000007feff5c0000 - 0x000007feff68a000 	C:\Windows\system32\USP10.dll
0x000000007bed0000 - 0x000000007c0f5000 	C:\Program Files\MATLAB\R2011a\bin\win64\libmwservices.dll
0x0000000075a20000 - 0x0000000075ab2000 	C:\Program Files\MATLAB\R2011a\bin\win64\libmx.dll
0x000000007a210000 - 0x000000007a226000 	C:\Program Files\MATLAB\R2011a\bin\win64\zlib1.dll
0x0000000074330000 - 0x000000007444b000 	C:\Program Files\MATLAB\R2011a\bin\win64\libmwmathutil.dll
0x00000000017d0000 - 0x0000000001824000 	C:\Program Files\MATLAB\R2011a\bin\win64\mpath.dll
0x000000007b680000 - 0x000000007b982000 	C:\Program Files\MATLAB\R2011a\bin\win64\mlutil.dll
0x000000006a6f0000 - 0x000000006a772000 	C:\Program Files\MATLAB\R2011a\bin\win64\xmlcore.dll
0x000000007bc30000 - 0x000000007be83000 	C:\Program Files\MATLAB\R2011a\bin\win64\xerces-c_2_7.dll
0x000007feff690000 - 0x000007feff6dd000 	C:\Windows\system32\WS2_32.dll
0x000007fefd830000 - 0x000007fefd838000 	C:\Windows\system32\NSI.dll
0x000007fefe790000 - 0x000007feff519000 	C:\Windows\system32\SHELL32.dll
0x000007fefe390000 - 0x000007fefe401000 	C:\Windows\system32\SHLWAPI.dll
0x000007fee94b0000 - 0x000007fee9550000 	C:\Windows\WinSxS\amd64_microsoft.windows.common-controls_6595b64144ccf1df_5.82.7601.18837_none_a4d981ff711297b6\COMCTL32.dll
0x000007feff920000 - 0x000007feff9b7000 	C:\Windows\system32\COMDLG32.dll
0x000007fefb190000 - 0x000007fefb1a6000 	C:\Windows\system32\NETAPI32.dll
0x000007fefb180000 - 0x000007fefb18c000 	C:\Windows\system32\netutils.dll
0x000007fefd010000 - 0x000007fefd033000 	C:\Windows\system32\srvcli.dll
0x000007fefb160000 - 0x000007fefb175000 	C:\Windows\system32\wkscli.dll
0x000007feff6e0000 - 0x000007feff8e3000 	C:\Windows\system32\ole32.dll
0x000007fefdc80000 - 0x000007fefdd58000 	C:\Windows\system32\OLEAUT32.dll
0x0000000074970000 - 0x0000000074a34000 	C:\Program Files\MATLAB\R2011a\bin\win64\mcr.dll
0x0000000075000000 - 0x00000000750e4000 	C:\Program Files\MATLAB\R2011a\bin\win64\iqm.dll
0x0000000069030000 - 0x00000000697cc000 	C:\Program Files\MATLAB\R2011a\bin\win64\m_interpreter.dll
0x00000000748d0000 - 0x00000000748df000 	C:\Program Files\MATLAB\R2011a\bin\win64\libmex.dll
0x0000000069ec0000 - 0x0000000069f64000 	C:\Program Files\MATLAB\R2011a\bin\win64\m_dispatcher.dll
0x00000000019c0000 - 0x0000000001a85000 	C:\Program Files\MATLAB\R2011a\bin\win64\boost_regex-vc90-mt-1_40.dll
0x0000000069e40000 - 0x0000000069ebf000 	C:\Program Files\MATLAB\R2011a\bin\win64\profiler.dll
0x0000000079f40000 - 0x0000000079f6c000 	C:\Program Files\MATLAB\R2011a\bin\win64\libmwmathrng.dll
0x00000000748b0000 - 0x00000000748d0000 	C:\Program Files\MATLAB\R2011a\bin\win64\m_pcodeio.dll
0x0000000079b10000 - 0x0000000079b71000 	C:\Program Files\MATLAB\R2011a\bin\win64\m_ir.dll
0x0000000069800000 - 0x0000000069e3b000 	C:\Program Files\MATLAB\R2011a\bin\win64\m_parser.dll
0x0000000074890000 - 0x00000000748a9000 	C:\Program Files\MATLAB\R2011a\bin\win64\ir_xfmr.dll
0x0000000068de0000 - 0x000000006902b000 	C:\Program Files\MATLAB\R2011a\bin\win64\mcos.dll
0x0000000074c20000 - 0x0000000074c2c000 	C:\Program Files\MATLAB\R2011a\bin\win64\mtok.dll
0x00000000747b0000 - 0x00000000747db000 	C:\Program Files\MATLAB\R2011a\bin\win64\m_pcodegen.dll
0x0000000076160000 - 0x00000000761c2000 	C:\Program Files\MATLAB\R2011a\bin\win64\libmwspmatrix.dll
0x0000000079fb0000 - 0x0000000079fde000 	C:\Program Files\MATLAB\R2011a\bin\win64\libmwbridge.dll
0x0000000068d20000 - 0x0000000068dd9000 	C:\Program Files\MATLAB\R2011a\bin\win64\udd.dll
0x0000000068bd0000 - 0x0000000068d11000 	C:\Program Files\MATLAB\R2011a\bin\win64\libmwgui.dll
0x0000000001b70000 - 0x0000000001b87000 	C:\Program Files\MATLAB\R2011a\bin\win64\graphics_util.dll
0x0000000068350000 - 0x0000000068bd0000 	C:\Program Files\MATLAB\R2011a\bin\win64\hg.dll
0x0000000076100000 - 0x000000007614f000 	C:\Program Files\MATLAB\R2011a\bin\win64\libmat.dll
0x0000000072d30000 - 0x0000000072f33000 	C:\Program Files\MATLAB\R2011a\bin\win64\libhdf5.dll
0x00000000682d0000 - 0x000000006834b000 	C:\Program Files\MATLAB\R2011a\bin\win64\jmi.dll
0x0000000001be0000 - 0x0000000001bee000 	C:\Program Files\MATLAB\R2011a\bin\win64\nativejava_services.dll
0x0000000068290000 - 0x00000000682cc000 	C:\Program Files\MATLAB\R2011a\bin\win64\libmwhardcopy.dll
0x0000000068230000 - 0x0000000068288000 	C:\Program Files\MATLAB\R2011a\bin\win64\libuij.dll
0x0000000068040000 - 0x0000000068223000 	C:\Program Files\MATLAB\R2011a\bin\win64\hgdatatypes.dll
0x0000000067f80000 - 0x000000006803c000 	C:\Program Files\MATLAB\R2011a\bin\win64\hgutils.dll
0x0000000067f00000 - 0x0000000067f7c000 	C:\Program Files\MATLAB\R2011a\bin\win64\libmwlapack.dll
0x0000000001c50000 - 0x0000000001c62000 	C:\Program Files\MATLAB\R2011a\bin\win64\libmwbinder.dll
0x0000000074880000 - 0x000000007488b000 	C:\Program Files\MATLAB\R2011a\bin\win64\libmwompwrapper.dll
0x0000000001c90000 - 0x0000000001f54000 	C:\Program Files\MATLAB\R2011a\bin\win64\uiw.dll
0x0000000001f70000 - 0x0000000001f7a000 	C:\Program Files\MATLAB\R2011a\bin\win64\uinone.dll
0x0000000067a10000 - 0x0000000067ef4000 	C:\Windows\WinSxS\amd64_microsoft.vc90.mfc_1fc8b3b9a1e18e3b_9.0.30729.4148_none_04480933ab2137b1\mfc90.dll
0x000007fefaec0000 - 0x000007fefaec7000 	C:\Windows\system32\MSIMG32.dll
0x000007fef9460000 - 0x000007fef94d1000 	C:\Windows\system32\WINSPOOL.DRV
0x0000000067960000 - 0x0000000067a09000 	C:\Program Files\MATLAB\R2011a\bin\win64\udd_mi.dll
0x000000006aa30000 - 0x000000006aa4b000 	C:\Program Files\MATLAB\R2011a\bin\win64\mwoles05.DLL
0x00000000678f0000 - 0x000000006795e000 	C:\Program Files\MATLAB\R2011a\bin\win64\comcli.dll
0x0000000073c40000 - 0x0000000073c6f000 	C:\Windows\WinSxS\amd64_microsoft.vc90.atl_1fc8b3b9a1e18e3b_9.0.30729.4148_none_0a1d2fcba76b3f00\ATL90.DLL
0x000000006d070000 - 0x000000006d07c000 	C:\Program Files\MATLAB\R2011a\bin\win64\mlautoregister.dll
0x0000000001fd0000 - 0x0000000001fdd000 	C:\Program Files\MATLAB\R2011a\bin\win64\boost_iostreams-vc90-mt-1_40.dll
0x000007fefdfb0000 - 0x000007fefdfde000 	C:\Windows\system32\IMM32.DLL
0x000007fefdb70000 - 0x000007fefdc79000 	C:\Windows\system32\MSCTF.dll
0x000007fefb8b0000 - 0x000007fefb906000 	C:\Windows\system32\UxTheme.dll
0x000007fefb4a0000 - 0x000007fefb4b8000 	C:\Windows\system32\dwmapi.dll
0x000000006aa20000 - 0x000000006aa29000 	C:\Windows\WinSxS\amd64_microsoft.vc90.mfcloc_1fc8b3b9a1e18e3b_9.0.30729.4148_none_01c6b44660ce74c3\MFC90CHT.DLL
0x0000000002180000 - 0x00000000021a9000 	C:\Program Files\MATLAB\R2011a\bin\win64\tbbmalloc.dll
0x000007fefd480000 - 0x000007fefd48f000 	C:\Windows\system32\profapi.dll
0x000007fefa970000 - 0x000007fefa997000 	C:\Windows\system32\iphlpapi.dll
0x000007fefa950000 - 0x000007fefa95b000 	C:\Windows\system32\WINNSI.DLL
0x000007fefca70000 - 0x000007fefcacb000 	C:\Windows\system32\DNSAPI.dll
0x000007fefa6f0000 - 0x000007fefa701000 	C:\Windows\system32\dhcpcsvc6.DLL
0x000007fefa6d0000 - 0x000007fefa6e8000 	C:\Windows\system32\dhcpcsvc.DLL
0x000000006a6e0000 - 0x000000006a6e3000 	C:\Windows\system32\icmp.Dll
0x000007fefd310000 - 0x000007fefd31f000 	C:\Windows\system32\CRYPTBASE.dll
0x000007fefd540000 - 0x000007fefd576000 	C:\Windows\system32\CFGMGR32.dll
0x0000000078870000 - 0x0000000078ecd000 	C:\Program Files\MATLAB\R2011a\sys\java\jre\win64\jre\bin\server\jvm.dll
0x000007fef9f20000 - 0x000007fef9f5b000 	C:\Windows\system32\WINMM.dll
0x000000007a440000 - 0x000000007a44e000 	C:\Program Files\MATLAB\R2011a\sys\java\jre\win64\jre\bin\verify.dll
0x000000007a070000 - 0x000000007a097000 	C:\Program Files\MATLAB\R2011a\sys\java\jre\win64\jre\bin\java.dll
0x000000007a540000 - 0x000000007a54a000 	C:\Program Files\MATLAB\R2011a\sys\java\jre\win64\jre\bin\hpi.dll
0x000000007a370000 - 0x000000007a382000 	C:\Program Files\MATLAB\R2011a\sys\java\jre\win64\jre\bin\zip.dll
0x0000000075b90000 - 0x0000000075bfb000 	C:\Program Files\MATLAB\R2011a\sys\java\jre\win64\jre\bin\fontmanager.dll
0x0000000073150000 - 0x0000000073311000 	C:\Program Files\MATLAB\R2011a\sys\java\jre\win64\jre\bin\awt.dll
0x0000000079cf0000 - 0x0000000079d36000 	C:\Program Files\MATLAB\R2011a\bin\win64\nativejmi.dll
0x000000007a600000 - 0x000000007a608000 	C:\Program Files\MATLAB\R2011a\bin\win64\nativeservices.dll
0x000000007a0d0000 - 0x000000007a0e8000 	C:\Program Files\MATLAB\R2011a\bin\win64\nativejava.dll
0x000007fef9b80000 - 0x000007fef9b98000 	C:\Windows\system32\MPR.dll
0x000000007a230000 - 0x000000007a247000 	C:\Program Files\MATLAB\R2011a\sys\java\jre\win64\jre\bin\net.dll
0x000007fefc620000 - 0x000007fefc636000 	C:\Program Files (x86)\Teamsoftex\EVO Class\nonifslsp64.dll
0x000007fefc540000 - 0x000007fefc614000 	C:\Windows\system32\MSVCR110.dll
0x000007fefc490000 - 0x000007fefc537000 	C:\Windows\system32\MSVCP110.dll
0x000007fefcbf0000 - 0x000007fefcc45000 	C:\Windows\system32\mswsock.dll

VM Arguments:
jvm_args: -Xss512k -XX:PermSize=32m -Xms64m -XX:NewRatio=3 -XX:MaxPermSize=128m -Xmx196m -XX:MaxDirectMemorySize=2147400000 -Dsun.java2d.noddraw=true -Dsun.awt.nopixfmt=true -Xshare:off -Xrs -Dsun.awt.disableMixing=true -Djava.library.path=C:\Program Files\MATLAB\R2011a\bin\win64 vfprintf abort 
java_command: <unknown>
Launcher Type: generic

Environment Variables:
PATH=C:\Program Files (x86)\Intel\iCLS Client\;C:\Program Files\Intel\iCLS Client\;C:\ProgramData\Oracle\Java\javapath;C:\Windows\system32;C:\Windows;C:\Windows\System32\Wbem;C:\Windows\System32\WindowsPowerShell\v1.0\;C:\Program Files (x86)\Intel\Intel(R) Management Engine Components\DAL;C:\Program Files\Intel\Intel(R) Management Engine Components\DAL;C:\Program Files (x86)\Intel\Intel(R) Management Engine Components\IPT;C:\Program Files\Intel\Intel(R) Management Engine Components\IPT;C:\Program Files\MATLAB\R2011a\runtime\win64;C:\Program Files\MATLAB\R2011a\bin;C:\Program Files\nodejs\;C:\Program Files\Git\cmd;C:\Cadence\SPB_16.5\OpenAccess\bin\win32\opt;C:\Cadence\SPB_16.5\tools\Capture;C:\Cadence\SPB_16.5\tools\PSpice\Library;C:\Cadence\SPB_16.5\tools\PSpice;C:\Cadence\SPB_16.5\tools\specctra\bin;C:\Cadence\SPB_16.5\tools\fet\bin;C:\Cadence\SPB_16.5\tools\libutil\bin;C:\Cadence\SPB_16.5\tools\bin;C:\Cadence\SPB_16.5\tools\pcb\bin;C:\altera\13.1\modelsim_ase\win32aloem;C:\Users\user\AppData\Roaming\npm;C:\altera\13.1\modelsim_ae\win32aloem
USERNAME=user
OS=Windows_NT
PROCESSOR_IDENTIFIER=Intel64 Family 6 Model 94 Stepping 3, GenuineIntel



---------------  S Y S T E M  ---------------

OS: Windows 7 Build 7601 Service Pack 1

CPU:total 8 (8 cores per cpu, 2 threads per core) family 6 model 94 stepping 3, cmov, cx8, fxsr, mmx, sse, sse2, sse3, ssse3, sse4.1, sse4.2, ht

Memory: 4k page, physical 8258472k(4976696k free), swap 16515108k(13167940k free)

vm_info: Java HotSpot(TM) 64-Bit Server VM (14.3-b01) for windows-amd64 JRE (1.6.0_17-b04), built on Oct 11 2009 00:46:08 by "java_re" with MS VC++ 8.0

time: Sun Dec 19 10:56:38 2010
elapsed time: 115 seconds

